[debug] [2024-02-26T06:46:52.785Z] ----------------------------------------------------------------------
[debug] [2024-02-26T06:46:52.786Z] Command:       /usr/local/bin/node /Users/choi/.nvm/versions/node/v18.17.0/bin/firebase init
[debug] [2024-02-26T06:46:52.787Z] CLI Version:   13.3.1
[debug] [2024-02-26T06:46:52.787Z] Platform:      darwin
[debug] [2024-02-26T06:46:52.787Z] Node Version:  v18.16.0
[debug] [2024-02-26T06:46:52.792Z] Time:          Mon Feb 26 2024 15:46:52 GMT+0900 (대한민국 표준시)
[debug] [2024-02-26T06:46:52.792Z] ----------------------------------------------------------------------
[debug] 
[debug] [2024-02-26T06:46:52.795Z] > command requires scopes: ["email","openid","https://www.googleapis.com/auth/cloudplatformprojects.readonly","https://www.googleapis.com/auth/firebase","https://www.googleapis.com/auth/cloud-platform"]
[debug] [2024-02-26T06:46:52.795Z] > authorizing via signed-in user (sorlros2047@gmail.com)
[info] 
     ######## #### ########  ######## ########     ###     ######  ########
     ##        ##  ##     ## ##       ##     ##  ##   ##  ##       ##
     ######    ##  ########  ######   ########  #########  ######  ######
     ##        ##  ##    ##  ##       ##     ## ##     ##       ## ##
     ##       #### ##     ## ######## ########  ##     ##  ######  ########

You're about to initialize a Firebase project in this directory:

  /Users/choi/Desktop/React/portfolio/all-you-have-to-do

[debug] [2024-02-26T06:48:06.932Z] Error: Timed out.
    at Timeout._onTimeout (/Users/choi/.nvm/versions/node/v18.17.0/lib/node_modules/firebase-tools/lib/utils.js:258:49)
    at listOnTimeout (node:internal/timers:569:17)
    at process.processTimers (node:internal/timers:512:7)
[error] 
[error] Error: An unexpected error has occurred.
